<?xml version="1.0" encoding="UTF-8"?>
<testng-results skipped="0" failed="0" ignored="0" total="1" passed="1">
  <reporter-output>
  </reporter-output>
  <suite name="Default suite" duration-ms="9384" started-at="2021-05-31T20:33:41Z" finished-at="2021-05-31T20:33:51Z">
    <groups>
    </groups>
    <test name="Default test" duration-ms="9384" started-at="2021-05-31T20:33:41Z" finished-at="2021-05-31T20:33:51Z">
      <class name="test.testSong1">
        <test-method status="PASS" signature="createDriver()[pri:0, instance:test.testSong1@42d80b78]" name="createDriver" is-config="true" duration-ms="1440" started-at="2021-05-31T20:33:41Z" finished-at="2021-05-31T20:33:43Z">
          <reporter-output>
          </reporter-output>
        </test-method> <!-- createDriver -->
        <test-method status="PASS" signature="songsList()[pri:0, instance:test.testSong1@42d80b78]" name="songsList" duration-ms="7932" started-at="2021-05-31T20:33:43Z" finished-at="2021-05-31T20:33:51Z">
          <reporter-output>
          </reporter-output>
        </test-method> <!-- songsList -->
      </class> <!-- test.testSong1 -->
    </test> <!-- Default test -->
  </suite> <!-- Default suite -->
</testng-results>
